<?xml version="1.0" encoding="UTF-8"?>
<testng-results skipped="0" failed="0" ignored="0" total="1" passed="1">
  <reporter-output>
  </reporter-output>
  <suite name="InetBankingV1" duration-ms="44585" started-at="2024-02-02T15:02:56Z" finished-at="2024-02-02T15:03:40Z">
    <groups>
    </groups>
    <test name="BankingApp Test" duration-ms="44585" started-at="2024-02-02T15:02:56Z" finished-at="2024-02-02T15:03:40Z">
      <class name="com.inetbanking.testCases.TC_LoginTest_001">
        <test-method status="PASS" signature="setUp(java.lang.String)[pri:0, instance:com.inetbanking.testCases.TC_LoginTest_001@13a5fe33]" name="setUp" is-config="true" duration-ms="33550" started-at="2024-02-02T15:02:56Z" finished-at="2024-02-02T15:03:30Z">
          <params>
            <param index="0">
              <value>
                <![CDATA[chrome]]>
              </value>
            </param>
          </params>
          <reporter-output>
          </reporter-output>
        </test-method> <!-- setUp -->
        <test-method status="PASS" signature="loginTest()[pri:0, instance:com.inetbanking.testCases.TC_LoginTest_001@13a5fe33]" name="loginTest" duration-ms="8403" started-at="2024-02-02T15:03:31Z" finished-at="2024-02-02T15:03:39Z">
          <reporter-output>
          </reporter-output>
        </test-method> <!-- loginTest -->
        <test-method status="PASS" signature="tearDown()[pri:0, instance:com.inetbanking.testCases.TC_LoginTest_001@13a5fe33]" name="tearDown" is-config="true" duration-ms="1305" started-at="2024-02-02T15:03:39Z" finished-at="2024-02-02T15:03:40Z">
          <reporter-output>
          </reporter-output>
        </test-method> <!-- tearDown -->
      </class> <!-- com.inetbanking.testCases.TC_LoginTest_001 -->
    </test> <!-- BankingApp Test -->
  </suite> <!-- InetBankingV1 -->
</testng-results>
